[debug] [2025-11-23T21:23:02.165Z] ----------------------------------------------------------------------
[debug] [2025-11-23T21:23:02.171Z] Command:       /usr/local/bin/node /Users/kalista/.npm-global/bin/firebase init functions
[debug] [2025-11-23T21:23:02.172Z] CLI Version:   14.26.0
[debug] [2025-11-23T21:23:02.172Z] Platform:      darwin
[debug] [2025-11-23T21:23:02.172Z] Node Version:  v22.12.0
[debug] [2025-11-23T21:23:02.172Z] Time:          Sun Nov 23 2025 14:23:02 GMT-0700 (Mountain Standard Time)
[debug] [2025-11-23T21:23:02.172Z] ----------------------------------------------------------------------
[debug] 
[info] 
     ######## #### ########  ######## ########     ###     ######  ########
     ##        ##  ##     ## ##       ##     ##  ##   ##  ##       ##
     ######    ##  ########  ######   ########  #########  ######  ######
     ##        ##  ##    ##  ##       ##     ## ##     ##       ## ##
     ##       #### ##     ## ######## ########  ##     ##  ######  ########

You're about to initialize a Firebase project in this directory:

  /Users/kalista/Desktop/Cmput301/fusion1-events

[info] 
=== Project Setup
[info] 
[info] First, let's associate this project directory with a Firebase project.
[info] You can create multiple project aliases by running firebase use --add, 
[info] 
[debug] [2025-11-23T21:25:53.782Z] ExitPromptError: User force closed the prompt with SIGINT
    at Interface.sigint (/Users/kalista/.npm-global/lib/node_modules/firebase-tools/node_modules/@inquirer/core/dist/commonjs/lib/create-prompt.js:101:37)
    at Interface.emit (node:events:524:28)
    at Interface.emit (node:domain:489:12)
    at [_ttyWrite] [as _ttyWrite] (node:internal/readline/interface:1124:18)
    at ReadStream.onkeypress (node:internal/readline/interface:263:20)
    at ReadStream.emit (node:events:536:35)
    at ReadStream.emit (node:domain:489:12)
    at emitKeys (node:internal/readline/utils:370:14)
    at emitKeys.next (<anonymous>)
    at ReadStream.onData (node:internal/readline/emitKeypressEvents:64:36)
[error] 
[error] Error: An unexpected error has occurred.
